<?xml version="1.0" encoding="UTF-8"?>
<coverage generated="1741353297399" clover="3.2.0">
  <project timestamp="1741353297399" name="All files">
    <metrics statements="118" coveredstatements="96" conditionals="69" coveredconditionals="56" methods="53" coveredmethods="36" elements="240" coveredelements="188" complexity="0" loc="118" ncloc="118" packages="2" files="2" classes="2"/>
    <package name="countries-states-cities-neighborhood-database">
      <metrics statements="18" coveredstatements="0" conditionals="0" coveredconditionals="0" methods="14" coveredmethods="0"/>
      <file name="index.js" path="/Users/allenivanrecto/Documents/Pipeline/countries-states-cities-neighborhood-database/index.js">
        <metrics statements="18" coveredstatements="0" conditionals="0" coveredconditionals="0" methods="14" coveredmethods="0"/>
        <line num="1" count="0" type="stmt"/>
        <line num="2" count="0" type="stmt"/>
        <line num="8" count="0" type="stmt"/>
        <line num="9" count="0" type="stmt"/>
        <line num="10" count="0" type="stmt"/>
        <line num="11" count="0" type="stmt"/>
        <line num="12" count="0" type="stmt"/>
        <line num="13" count="0" type="stmt"/>
        <line num="14" count="0" type="stmt"/>
        <line num="15" count="0" type="stmt"/>
        <line num="16" count="0" type="stmt"/>
        <line num="17" count="0" type="stmt"/>
        <line num="18" count="0" type="stmt"/>
        <line num="19" count="0" type="stmt"/>
        <line num="20" count="0" type="stmt"/>
        <line num="21" count="0" type="stmt"/>
        <line num="22" count="0" type="stmt"/>
        <line num="27" count="0" type="stmt"/>
      </file>
    </package>
    <package name="countries-states-cities-neighborhood-database.src">
      <metrics statements="100" coveredstatements="96" conditionals="69" coveredconditionals="56" methods="39" coveredmethods="36"/>
      <file name="functions.js" path="/Users/allenivanrecto/Documents/Pipeline/countries-states-cities-neighborhood-database/src/functions.js">
        <metrics statements="100" coveredstatements="96" conditionals="69" coveredconditionals="56" methods="39" coveredmethods="36"/>
        <line num="11" count="1" type="stmt"/>
        <line num="21" count="3" type="stmt"/>
        <line num="22" count="3" type="cond" truecount="2" falsecount="0"/>
        <line num="23" count="5" type="cond" truecount="2" falsecount="0"/>
        <line num="34" count="2" type="stmt"/>
        <line num="35" count="2" type="cond" truecount="2" falsecount="0"/>
        <line num="36" count="4" type="stmt"/>
        <line num="46" count="1" type="stmt"/>
        <line num="48" count="1" type="stmt"/>
        <line num="49" count="2" type="cond" truecount="3" falsecount="1"/>
        <line num="50" count="2" type="stmt"/>
        <line num="51" count="3" type="stmt"/>
        <line num="62" count="1" type="stmt"/>
        <line num="74" count="25" type="cond" truecount="2" falsecount="0"/>
        <line num="75" count="1" type="stmt"/>
        <line num="76" count="24" type="cond" truecount="1" falsecount="1"/>
        <line num="77" count="24" type="stmt"/>
        <line num="78" count="24" type="stmt"/>
        <line num="79" count="25" type="cond" truecount="3" falsecount="0"/>
        <line num="85" count="25" type="cond" truecount="3" falsecount="1"/>
        <line num="96" count="2" type="stmt"/>
        <line num="97" count="2" type="stmt"/>
        <line num="99" count="2" type="cond" truecount="2" falsecount="0"/>
        <line num="100" count="4" type="stmt"/>
        <line num="110" count="4" type="stmt"/>
        <line num="112" count="4" type="stmt"/>
        <line num="113" count="8" type="cond" truecount="3" falsecount="1"/>
        <line num="114" count="8" type="stmt"/>
        <line num="115" count="12" type="cond" truecount="3" falsecount="1"/>
        <line num="116" count="12" type="stmt"/>
        <line num="117" count="16" type="stmt"/>
        <line num="133" count="4" type="stmt"/>
        <line num="143" count="2" type="stmt"/>
        <line num="144" count="2" type="stmt"/>
        <line num="146" count="2" type="stmt"/>
        <line num="147" count="4" type="cond" truecount="3" falsecount="1"/>
        <line num="148" count="4" type="stmt"/>
        <line num="149" count="6" type="stmt"/>
        <line num="159" count="2" type="stmt"/>
        <line num="170" count="12" type="stmt"/>
        <line num="173" count="12" type="cond" truecount="1" falsecount="1"/>
        <line num="174" count="0" type="stmt"/>
        <line num="175" count="12" type="cond" truecount="1" falsecount="1"/>
        <line num="176" count="12" type="stmt"/>
        <line num="177" count="12" type="stmt"/>
        <line num="178" count="14" type="cond" truecount="2" falsecount="0"/>
        <line num="183" count="12" type="cond" truecount="4" falsecount="0"/>
        <line num="195" count="2" type="stmt"/>
        <line num="196" count="2" type="stmt"/>
        <line num="198" count="2" type="cond" truecount="2" falsecount="0"/>
        <line num="199" count="4" type="stmt"/>
        <line num="213" count="8" type="stmt"/>
        <line num="214" count="8" type="stmt"/>
        <line num="217" count="8" type="stmt"/>
        <line num="220" count="8" type="cond" truecount="1" falsecount="1"/>
        <line num="221" count="0" type="stmt"/>
        <line num="222" count="8" type="cond" truecount="1" falsecount="1"/>
        <line num="223" count="8" type="stmt"/>
        <line num="224" count="9" type="stmt"/>
        <line num="227" count="8" type="cond" truecount="2" falsecount="0"/>
        <line num="228" count="2" type="stmt"/>
        <line num="232" count="6" type="stmt"/>
        <line num="235" count="6" type="cond" truecount="1" falsecount="1"/>
        <line num="236" count="0" type="stmt"/>
        <line num="237" count="6" type="cond" truecount="1" falsecount="1"/>
        <line num="238" count="6" type="stmt"/>
        <line num="239" count="6" type="stmt"/>
        <line num="240" count="7" type="cond" truecount="2" falsecount="0"/>
        <line num="245" count="6" type="cond" truecount="1" falsecount="1"/>
        <line num="246" count="0" type="stmt"/>
        <line num="250" count="6" type="stmt"/>
        <line num="251" count="6" type="stmt"/>
        <line num="253" count="6" type="cond" truecount="2" falsecount="0"/>
        <line num="254" count="1" type="stmt"/>
        <line num="257" count="5" type="stmt"/>
        <line num="258" count="5" type="stmt"/>
        <line num="261" count="4" type="stmt"/>
        <line num="262" count="14" type="stmt"/>
        <line num="263" count="8" type="stmt"/>
        <line num="267" count="1" type="stmt"/>
        <line num="268" count="1" type="stmt"/>
        <line num="280" count="2" type="stmt"/>
        <line num="281" count="2" type="cond" truecount="2" falsecount="0"/>
        <line num="285" count="2" type="stmt"/>
        <line num="286" count="7" type="stmt"/>
        <line num="299" count="2" type="stmt"/>
        <line num="300" count="2" type="stmt"/>
        <line num="302" count="2" type="stmt"/>
        <line num="303" count="8" type="stmt"/>
        <line num="310" count="8" type="cond" truecount="2" falsecount="0"/>
        <line num="311" count="3" type="stmt"/>
        <line num="319" count="2" type="stmt"/>
        <line num="332" count="8" type="stmt"/>
        <line num="333" count="8" type="stmt"/>
        <line num="334" count="8" type="stmt"/>
        <line num="337" count="8" type="stmt"/>
        <line num="341" count="8" type="stmt"/>
        <line num="342" count="8" type="stmt"/>
        <line num="352" count="32" type="stmt"/>
        <line num="355" count="1" type="stmt"/>
      </file>
    </package>
  </project>
</coverage>
