{"/Users/allenivanrecto/Documents/Pipeline/countries-states-cities-neighborhood-database/index.js": {"path":"/Users/allenivanrecto/Documents/Pipeline/countries-states-cities-neighborhood-database/index.js","statementMap":{"0":{"start":{"line":1,"column":26},"end":{"line":1,"column":52}},"1":{"start":{"line":2,"column":13},"end":{"line":2,"column":64}},"2":{"start":{"line":8,"column":18},"end":{"line":24,"column":1}},"3":{"start":{"line":9,"column":2},"end":{"line":23,"column":4}},"4":{"start":{"line":10,"column":27},"end":{"line":10,"column":66}},"5":{"start":{"line":11,"column":32},"end":{"line":11,"column":78}},"6":{"start":{"line":12,"column":32},"end":{"line":12,"column":78}},"7":{"start":{"line":13,"column":24},"end":{"line":13,"column":60}},"8":{"start":{"line":14,"column":47},"end":{"line":14,"column":108}},"9":{"start":{"line":15,"column":54},"end":{"line":15,"column":122}},"10":{"start":{"line":16,"column":24},"end":{"line":16,"column":60}},"11":{"start":{"line":17,"column":47},"end":{"line":17,"column":108}},"12":{"start":{"line":18,"column":62},"end":{"line":18,"column":138}},"13":{"start":{"line":19,"column":69},"end":{"line":19,"column":152}},"14":{"start":{"line":20,"column":84},"end":{"line":20,"column":182}},"15":{"start":{"line":21,"column":48},"end":{"line":21,"column":110}},"16":{"start":{"line":22,"column":63},"end":{"line":22,"column":140}},"17":{"start":{"line":27,"column":0},"end":{"line":30,"column":2}}},"fnMap":{"0":{"name":"(anonymous_0)","decl":{"start":{"line":8,"column":18},"end":{"line":8,"column":19}},"loc":{"start":{"line":8,"column":24},"end":{"line":24,"column":1}},"line":8},"1":{"name":"(anonymous_1)","decl":{"start":{"line":10,"column":21},"end":{"line":10,"column":22}},"loc":{"start":{"line":10,"column":27},"end":{"line":10,"column":66}},"line":10},"2":{"name":"(anonymous_2)","decl":{"start":{"line":11,"column":22},"end":{"line":11,"column":23}},"loc":{"start":{"line":11,"column":32},"end":{"line":11,"column":78}},"line":11},"3":{"name":"(anonymous_3)","decl":{"start":{"line":12,"column":22},"end":{"line":12,"column":23}},"loc":{"start":{"line":12,"column":32},"end":{"line":12,"column":78}},"line":12},"4":{"name":"(anonymous_4)","decl":{"start":{"line":13,"column":18},"end":{"line":13,"column":19}},"loc":{"start":{"line":13,"column":24},"end":{"line":13,"column":60}},"line":13},"5":{"name":"(anonymous_5)","decl":{"start":{"line":14,"column":24},"end":{"line":14,"column":25}},"loc":{"start":{"line":14,"column":47},"end":{"line":14,"column":108}},"line":14},"6":{"name":"(anonymous_6)","decl":{"start":{"line":15,"column":20},"end":{"line":15,"column":21}},"loc":{"start":{"line":15,"column":54},"end":{"line":15,"column":122}},"line":15},"7":{"name":"(anonymous_7)","decl":{"start":{"line":16,"column":18},"end":{"line":16,"column":19}},"loc":{"start":{"line":16,"column":24},"end":{"line":16,"column":60}},"line":16},"8":{"name":"(anonymous_8)","decl":{"start":{"line":17,"column":24},"end":{"line":17,"column":25}},"loc":{"start":{"line":17,"column":47},"end":{"line":17,"column":108}},"line":17},"9":{"name":"(anonymous_9)","decl":{"start":{"line":18,"column":22},"end":{"line":18,"column":23}},"loc":{"start":{"line":18,"column":62},"end":{"line":18,"column":138}},"line":18},"10":{"name":"(anonymous_10)","decl":{"start":{"line":19,"column":19},"end":{"line":19,"column":20}},"loc":{"start":{"line":19,"column":69},"end":{"line":19,"column":152}},"line":19},"11":{"name":"(anonymous_11)","decl":{"start":{"line":20,"column":28},"end":{"line":20,"column":29}},"loc":{"start":{"line":20,"column":84},"end":{"line":20,"column":182}},"line":20},"12":{"name":"(anonymous_12)","decl":{"start":{"line":21,"column":18},"end":{"line":21,"column":19}},"loc":{"start":{"line":21,"column":48},"end":{"line":21,"column":110}},"line":21},"13":{"name":"(anonymous_13)","decl":{"start":{"line":22,"column":28},"end":{"line":22,"column":29}},"loc":{"start":{"line":22,"column":63},"end":{"line":22,"column":140}},"line":22}},"branchMap":{},"s":{"0":0,"1":0,"2":0,"3":0,"4":0,"5":0,"6":0,"7":0,"8":0,"9":0,"10":0,"11":0,"12":0,"13":0,"14":0,"15":0,"16":0,"17":0},"f":{"0":0,"1":0,"2":0,"3":0,"4":0,"5":0,"6":0,"7":0,"8":0,"9":0,"10":0,"11":0,"12":0,"13":0},"b":{}}
,"/Users/allenivanrecto/Documents/Pipeline/countries-states-cities-neighborhood-database/src/functions.js": {"path":"/Users/allenivanrecto/Documents/Pipeline/countries-states-cities-neighborhood-database/src/functions.js","statementMap":{"0":{"start":{"line":11,"column":4},"end":{"line":11,"column":16}},"1":{"start":{"line":21,"column":17},"end":{"line":21,"column":38}},"2":{"start":{"line":22,"column":4},"end":{"line":24,"column":14}},"3":{"start":{"line":23,"column":6},"end":{"line":23,"column":52}},"4":{"start":{"line":34,"column":27},"end":{"line":34,"column":45}},"5":{"start":{"line":35,"column":4},"end":{"line":37,"column":14}},"6":{"start":{"line":36,"column":6},"end":{"line":36,"column":51}},"7":{"start":{"line":46,"column":22},"end":{"line":46,"column":24}},"8":{"start":{"line":48,"column":4},"end":{"line":60,"column":7}},"9":{"start":{"line":49,"column":6},"end":{"line":59,"column":7}},"10":{"start":{"line":50,"column":8},"end":{"line":58,"column":11}},"11":{"start":{"line":51,"column":10},"end":{"line":57,"column":13}},"12":{"start":{"line":62,"column":4},"end":{"line":62,"column":21}},"13":{"start":{"line":74,"column":4},"end":{"line":83,"column":5}},"14":{"start":{"line":75,"column":6},"end":{"line":75,"column":59}},"15":{"start":{"line":75,"column":31},"end":{"line":75,"column":57}},"16":{"start":{"line":76,"column":11},"end":{"line":83,"column":5}},"17":{"start":{"line":77,"column":25},"end":{"line":77,"column":56}},"18":{"start":{"line":78,"column":6},"end":{"line":82,"column":8}},"19":{"start":{"line":79,"column":8},"end":{"line":81,"column":29}},"20":{"start":{"line":85,"column":4},"end":{"line":85,"column":59}},"21":{"start":{"line":96,"column":19},"end":{"line":96,"column":62}},"22":{"start":{"line":97,"column":17},"end":{"line":97,"column":40}},"23":{"start":{"line":99,"column":4},"end":{"line":101,"column":14}},"24":{"start":{"line":100,"column":6},"end":{"line":100,"column":45}},"25":{"start":{"line":110,"column":22},"end":{"line":110,"column":24}},"26":{"start":{"line":112,"column":4},"end":{"line":131,"column":7}},"27":{"start":{"line":113,"column":6},"end":{"line":130,"column":7}},"28":{"start":{"line":114,"column":8},"end":{"line":129,"column":11}},"29":{"start":{"line":115,"column":10},"end":{"line":128,"column":11}},"30":{"start":{"line":116,"column":12},"end":{"line":127,"column":15}},"31":{"start":{"line":117,"column":14},"end":{"line":126,"column":17}},"32":{"start":{"line":133,"column":4},"end":{"line":133,"column":21}},"33":{"start":{"line":143,"column":19},"end":{"line":143,"column":62}},"34":{"start":{"line":144,"column":19},"end":{"line":144,"column":21}},"35":{"start":{"line":146,"column":4},"end":{"line":157,"column":7}},"36":{"start":{"line":147,"column":6},"end":{"line":156,"column":7}},"37":{"start":{"line":148,"column":8},"end":{"line":155,"column":11}},"38":{"start":{"line":149,"column":10},"end":{"line":154,"column":13}},"39":{"start":{"line":159,"column":4},"end":{"line":159,"column":18}},"40":{"start":{"line":170,"column":19},"end":{"line":170,"column":62}},"41":{"start":{"line":173,"column":4},"end":{"line":181,"column":5}},"42":{"start":{"line":174,"column":6},"end":{"line":174,"column":57}},"43":{"start":{"line":174,"column":31},"end":{"line":174,"column":55}},"44":{"start":{"line":175,"column":11},"end":{"line":181,"column":5}},"45":{"start":{"line":176,"column":25},"end":{"line":176,"column":54}},"46":{"start":{"line":177,"column":6},"end":{"line":180,"column":8}},"47":{"start":{"line":178,"column":8},"end":{"line":179,"column":49}},"48":{"start":{"line":183,"column":4},"end":{"line":183,"column":53}},"49":{"start":{"line":195,"column":19},"end":{"line":195,"column":77}},"50":{"start":{"line":196,"column":17},"end":{"line":196,"column":39}},"51":{"start":{"line":198,"column":4},"end":{"line":200,"column":14}},"52":{"start":{"line":199,"column":6},"end":{"line":199,"column":38}},"53":{"start":{"line":213,"column":13},"end":{"line":213,"column":26}},"54":{"start":{"line":214,"column":15},"end":{"line":214,"column":30}},"55":{"start":{"line":217,"column":17},"end":{"line":217,"column":75}},"56":{"start":{"line":220,"column":2},"end":{"line":225,"column":3}},"57":{"start":{"line":221,"column":4},"end":{"line":221,"column":53}},"58":{"start":{"line":221,"column":28},"end":{"line":221,"column":51}},"59":{"start":{"line":222,"column":9},"end":{"line":225,"column":3}},"60":{"start":{"line":223,"column":17},"end":{"line":223,"column":45}},"61":{"start":{"line":224,"column":4},"end":{"line":224,"column":59}},"62":{"start":{"line":224,"column":28},"end":{"line":224,"column":57}},"63":{"start":{"line":227,"column":2},"end":{"line":229,"column":3}},"64":{"start":{"line":228,"column":4},"end":{"line":228,"column":14}},"65":{"start":{"line":232,"column":17},"end":{"line":232,"column":60}},"66":{"start":{"line":235,"column":2},"end":{"line":243,"column":3}},"67":{"start":{"line":236,"column":4},"end":{"line":236,"column":55}},"68":{"start":{"line":236,"column":29},"end":{"line":236,"column":53}},"69":{"start":{"line":237,"column":9},"end":{"line":243,"column":3}},"70":{"start":{"line":238,"column":23},"end":{"line":238,"column":52}},"71":{"start":{"line":239,"column":4},"end":{"line":242,"column":6}},"72":{"start":{"line":240,"column":6},"end":{"line":241,"column":47}},"73":{"start":{"line":245,"column":2},"end":{"line":247,"column":3}},"74":{"start":{"line":246,"column":4},"end":{"line":246,"column":14}},"75":{"start":{"line":250,"column":2},"end":{"line":269,"column":3}},"76":{"start":{"line":251,"column":34},"end":{"line":251,"column":93}},"77":{"start":{"line":253,"column":4},"end":{"line":255,"column":5}},"78":{"start":{"line":254,"column":6},"end":{"line":254,"column":16}},"79":{"start":{"line":257,"column":20},"end":{"line":257,"column":66}},"80":{"start":{"line":258,"column":30},"end":{"line":258,"column":49}},"81":{"start":{"line":261,"column":4},"end":{"line":265,"column":10}},"82":{"start":{"line":262,"column":22},"end":{"line":262,"column":73}},"83":{"start":{"line":263,"column":20},"end":{"line":265,"column":7}},"84":{"start":{"line":267,"column":4},"end":{"line":267,"column":72}},"85":{"start":{"line":268,"column":4},"end":{"line":268,"column":14}},"86":{"start":{"line":280,"column":23},"end":{"line":280,"column":42}},"87":{"start":{"line":281,"column":19},"end":{"line":283,"column":24}},"88":{"start":{"line":285,"column":4},"end":{"line":287,"column":6}},"89":{"start":{"line":286,"column":6},"end":{"line":286,"column":50}},"90":{"start":{"line":299,"column":22},"end":{"line":299,"column":40}},"91":{"start":{"line":300,"column":20},"end":{"line":300,"column":22}},"92":{"start":{"line":302,"column":4},"end":{"line":316,"column":7}},"93":{"start":{"line":303,"column":23},"end":{"line":308,"column":7}},"94":{"start":{"line":310,"column":6},"end":{"line":315,"column":7}},"95":{"start":{"line":311,"column":8},"end":{"line":314,"column":11}},"96":{"start":{"line":319,"column":4},"end":{"line":319,"column":65}},"97":{"start":{"line":319,"column":34},"end":{"line":319,"column":63}},"98":{"start":{"line":332,"column":14},"end":{"line":332,"column":18}},"99":{"start":{"line":333,"column":17},"end":{"line":333,"column":35}},"100":{"start":{"line":334,"column":17},"end":{"line":334,"column":35}},"101":{"start":{"line":337,"column":6},"end":{"line":339,"column":41}},"102":{"start":{"line":341,"column":14},"end":{"line":341,"column":58}},"103":{"start":{"line":342,"column":4},"end":{"line":342,"column":17}},"104":{"start":{"line":352,"column":4},"end":{"line":352,"column":33}},"105":{"start":{"line":355,"column":2},"end":{"line":369,"column":4}}},"fnMap":{"0":{"name":"getAllCountries","decl":{"start":{"line":10,"column":9},"end":{"line":10,"column":24}},"loc":{"start":{"line":10,"column":31},"end":{"line":12,"column":3}},"line":10},"1":{"name":"getCountryByCode","decl":{"start":{"line":20,"column":11},"end":{"line":20,"column":27}},"loc":{"start":{"line":20,"column":43},"end":{"line":25,"column":3}},"line":20},"2":{"name":"(anonymous_2)","decl":{"start":{"line":22,"column":21},"end":{"line":22,"column":22}},"loc":{"start":{"line":23,"column":6},"end":{"line":23,"column":52}},"line":23},"3":{"name":"getCountryByName","decl":{"start":{"line":33,"column":11},"end":{"line":33,"column":27}},"loc":{"start":{"line":33,"column":40},"end":{"line":38,"column":3}},"line":33},"4":{"name":"(anonymous_4)","decl":{"start":{"line":35,"column":21},"end":{"line":35,"column":22}},"loc":{"start":{"line":36,"column":6},"end":{"line":36,"column":51}},"line":36},"5":{"name":"getAllStates","decl":{"start":{"line":45,"column":11},"end":{"line":45,"column":23}},"loc":{"start":{"line":45,"column":30},"end":{"line":63,"column":3}},"line":45},"6":{"name":"(anonymous_6)","decl":{"start":{"line":48,"column":17},"end":{"line":48,"column":18}},"loc":{"start":{"line":48,"column":28},"end":{"line":60,"column":5}},"line":48},"7":{"name":"(anonymous_7)","decl":{"start":{"line":50,"column":31},"end":{"line":50,"column":32}},"loc":{"start":{"line":50,"column":40},"end":{"line":58,"column":9}},"line":50},"8":{"name":"getStatesByCountry","decl":{"start":{"line":71,"column":11},"end":{"line":71,"column":29}},"loc":{"start":{"line":71,"column":55},"end":{"line":86,"column":3}},"line":71},"9":{"name":"(anonymous_9)","decl":{"start":{"line":75,"column":26},"end":{"line":75,"column":27}},"loc":{"start":{"line":75,"column":31},"end":{"line":75,"column":57}},"line":75},"10":{"name":"(anonymous_10)","decl":{"start":{"line":78,"column":26},"end":{"line":78,"column":27}},"loc":{"start":{"line":79,"column":8},"end":{"line":81,"column":29}},"line":79},"11":{"name":"getStateByCode","decl":{"start":{"line":95,"column":11},"end":{"line":95,"column":25}},"loc":{"start":{"line":95,"column":62},"end":{"line":102,"column":3}},"line":95},"12":{"name":"(anonymous_12)","decl":{"start":{"line":99,"column":23},"end":{"line":99,"column":24}},"loc":{"start":{"line":100,"column":6},"end":{"line":100,"column":45}},"line":100},"13":{"name":"getAllCities","decl":{"start":{"line":109,"column":11},"end":{"line":109,"column":23}},"loc":{"start":{"line":109,"column":30},"end":{"line":134,"column":3}},"line":109},"14":{"name":"(anonymous_14)","decl":{"start":{"line":112,"column":17},"end":{"line":112,"column":18}},"loc":{"start":{"line":112,"column":28},"end":{"line":131,"column":5}},"line":112},"15":{"name":"(anonymous_15)","decl":{"start":{"line":114,"column":31},"end":{"line":114,"column":32}},"loc":{"start":{"line":114,"column":40},"end":{"line":129,"column":9}},"line":114},"16":{"name":"(anonymous_16)","decl":{"start":{"line":116,"column":33},"end":{"line":116,"column":34}},"loc":{"start":{"line":116,"column":41},"end":{"line":127,"column":13}},"line":116},"17":{"name":"getCitiesByCountry","decl":{"start":{"line":142,"column":11},"end":{"line":142,"column":29}},"loc":{"start":{"line":142,"column":55},"end":{"line":160,"column":3}},"line":142},"18":{"name":"(anonymous_18)","decl":{"start":{"line":146,"column":19},"end":{"line":146,"column":20}},"loc":{"start":{"line":146,"column":28},"end":{"line":157,"column":5}},"line":146},"19":{"name":"(anonymous_19)","decl":{"start":{"line":148,"column":29},"end":{"line":148,"column":30}},"loc":{"start":{"line":148,"column":37},"end":{"line":155,"column":9}},"line":148},"20":{"name":"getCitiesByState","decl":{"start":{"line":169,"column":11},"end":{"line":169,"column":27}},"loc":{"start":{"line":169,"column":70},"end":{"line":184,"column":3}},"line":169},"21":{"name":"(anonymous_21)","decl":{"start":{"line":174,"column":26},"end":{"line":174,"column":27}},"loc":{"start":{"line":174,"column":31},"end":{"line":174,"column":55}},"line":174},"22":{"name":"(anonymous_22)","decl":{"start":{"line":177,"column":26},"end":{"line":177,"column":27}},"loc":{"start":{"line":178,"column":8},"end":{"line":179,"column":49}},"line":178},"23":{"name":"getCityByName","decl":{"start":{"line":194,"column":11},"end":{"line":194,"column":24}},"loc":{"start":{"line":194,"column":77},"end":{"line":201,"column":3}},"line":194},"24":{"name":"(anonymous_24)","decl":{"start":{"line":198,"column":23},"end":{"line":198,"column":24}},"loc":{"start":{"line":199,"column":6},"end":{"line":199,"column":38}},"line":199},"25":{"name":"getNeighborhoodsByCity","decl":{"start":{"line":212,"column":9},"end":{"line":212,"column":31}},"loc":{"start":{"line":212,"column":131},"end":{"line":270,"column":1}},"line":212},"26":{"name":"(anonymous_26)","decl":{"start":{"line":221,"column":23},"end":{"line":221,"column":24}},"loc":{"start":{"line":221,"column":28},"end":{"line":221,"column":51}},"line":221},"27":{"name":"(anonymous_27)","decl":{"start":{"line":224,"column":23},"end":{"line":224,"column":24}},"loc":{"start":{"line":224,"column":28},"end":{"line":224,"column":57}},"line":224},"28":{"name":"(anonymous_28)","decl":{"start":{"line":236,"column":24},"end":{"line":236,"column":25}},"loc":{"start":{"line":236,"column":29},"end":{"line":236,"column":53}},"line":236},"29":{"name":"(anonymous_29)","decl":{"start":{"line":239,"column":24},"end":{"line":239,"column":25}},"loc":{"start":{"line":240,"column":6},"end":{"line":241,"column":47}},"line":240},"30":{"name":"(anonymous_30)","decl":{"start":{"line":262,"column":14},"end":{"line":262,"column":15}},"loc":{"start":{"line":262,"column":22},"end":{"line":262,"column":73}},"line":262},"31":{"name":"(anonymous_31)","decl":{"start":{"line":263,"column":11},"end":{"line":263,"column":12}},"loc":{"start":{"line":263,"column":20},"end":{"line":265,"column":7}},"line":263},"32":{"name":"searchCities","decl":{"start":{"line":279,"column":11},"end":{"line":279,"column":23}},"loc":{"start":{"line":279,"column":63},"end":{"line":288,"column":3}},"line":279},"33":{"name":"(anonymous_33)","decl":{"start":{"line":285,"column":25},"end":{"line":285,"column":26}},"loc":{"start":{"line":286,"column":6},"end":{"line":286,"column":50}},"line":286},"34":{"name":"getCitiesByGeoLocation","decl":{"start":{"line":298,"column":11},"end":{"line":298,"column":33}},"loc":{"start":{"line":298,"column":71},"end":{"line":320,"column":3}},"line":298},"35":{"name":"(anonymous_35)","decl":{"start":{"line":302,"column":22},"end":{"line":302,"column":23}},"loc":{"start":{"line":302,"column":30},"end":{"line":316,"column":5}},"line":302},"36":{"name":"(anonymous_36)","decl":{"start":{"line":319,"column":24},"end":{"line":319,"column":25}},"loc":{"start":{"line":319,"column":34},"end":{"line":319,"column":63}},"line":319},"37":{"name":"calculateDistance","decl":{"start":{"line":331,"column":11},"end":{"line":331,"column":28}},"loc":{"start":{"line":331,"column":53},"end":{"line":343,"column":3}},"line":331},"38":{"name":"toRad","decl":{"start":{"line":351,"column":11},"end":{"line":351,"column":16}},"loc":{"start":{"line":351,"column":24},"end":{"line":353,"column":3}},"line":351}},"branchMap":{"0":{"loc":{"start":{"line":22,"column":11},"end":{"line":24,"column":13}},"type":"binary-expr","locations":[{"start":{"line":22,"column":11},"end":{"line":24,"column":5}},{"start":{"line":24,"column":9},"end":{"line":24,"column":13}}],"line":22},"1":{"loc":{"start":{"line":23,"column":6},"end":{"line":23,"column":52}},"type":"binary-expr","locations":[{"start":{"line":23,"column":6},"end":{"line":23,"column":27}},{"start":{"line":23,"column":31},"end":{"line":23,"column":52}}],"line":23},"2":{"loc":{"start":{"line":35,"column":11},"end":{"line":37,"column":13}},"type":"binary-expr","locations":[{"start":{"line":35,"column":11},"end":{"line":37,"column":5}},{"start":{"line":37,"column":9},"end":{"line":37,"column":13}}],"line":35},"3":{"loc":{"start":{"line":49,"column":6},"end":{"line":59,"column":7}},"type":"if","locations":[{"start":{"line":49,"column":6},"end":{"line":59,"column":7}},{"start":{},"end":{}}],"line":49},"4":{"loc":{"start":{"line":49,"column":10},"end":{"line":49,"column":49}},"type":"binary-expr","locations":[{"start":{"line":49,"column":10},"end":{"line":49,"column":24}},{"start":{"line":49,"column":28},"end":{"line":49,"column":49}}],"line":49},"5":{"loc":{"start":{"line":74,"column":4},"end":{"line":83,"column":5}},"type":"if","locations":[{"start":{"line":74,"column":4},"end":{"line":83,"column":5}},{"start":{"line":76,"column":11},"end":{"line":83,"column":5}}],"line":74},"6":{"loc":{"start":{"line":76,"column":11},"end":{"line":83,"column":5}},"type":"if","locations":[{"start":{"line":76,"column":11},"end":{"line":83,"column":5}},{"start":{},"end":{}}],"line":76},"7":{"loc":{"start":{"line":79,"column":8},"end":{"line":81,"column":29}},"type":"binary-expr","locations":[{"start":{"line":79,"column":8},"end":{"line":79,"column":43}},{"start":{"line":80,"column":8},"end":{"line":80,"column":29}},{"start":{"line":81,"column":8},"end":{"line":81,"column":29}}],"line":79},"8":{"loc":{"start":{"line":85,"column":11},"end":{"line":85,"column":58}},"type":"cond-expr","locations":[{"start":{"line":85,"column":39},"end":{"line":85,"column":53}},{"start":{"line":85,"column":56},"end":{"line":85,"column":58}}],"line":85},"9":{"loc":{"start":{"line":85,"column":11},"end":{"line":85,"column":36}},"type":"binary-expr","locations":[{"start":{"line":85,"column":11},"end":{"line":85,"column":18}},{"start":{"line":85,"column":22},"end":{"line":85,"column":36}}],"line":85},"10":{"loc":{"start":{"line":99,"column":11},"end":{"line":101,"column":13}},"type":"binary-expr","locations":[{"start":{"line":99,"column":11},"end":{"line":101,"column":5}},{"start":{"line":101,"column":9},"end":{"line":101,"column":13}}],"line":99},"11":{"loc":{"start":{"line":113,"column":6},"end":{"line":130,"column":7}},"type":"if","locations":[{"start":{"line":113,"column":6},"end":{"line":130,"column":7}},{"start":{},"end":{}}],"line":113},"12":{"loc":{"start":{"line":113,"column":10},"end":{"line":113,"column":49}},"type":"binary-expr","locations":[{"start":{"line":113,"column":10},"end":{"line":113,"column":24}},{"start":{"line":113,"column":28},"end":{"line":113,"column":49}}],"line":113},"13":{"loc":{"start":{"line":115,"column":10},"end":{"line":128,"column":11}},"type":"if","locations":[{"start":{"line":115,"column":10},"end":{"line":128,"column":11}},{"start":{},"end":{}}],"line":115},"14":{"loc":{"start":{"line":115,"column":14},"end":{"line":115,"column":49}},"type":"binary-expr","locations":[{"start":{"line":115,"column":14},"end":{"line":115,"column":26}},{"start":{"line":115,"column":30},"end":{"line":115,"column":49}}],"line":115},"15":{"loc":{"start":{"line":147,"column":6},"end":{"line":156,"column":7}},"type":"if","locations":[{"start":{"line":147,"column":6},"end":{"line":156,"column":7}},{"start":{},"end":{}}],"line":147},"16":{"loc":{"start":{"line":147,"column":10},"end":{"line":147,"column":45}},"type":"binary-expr","locations":[{"start":{"line":147,"column":10},"end":{"line":147,"column":22}},{"start":{"line":147,"column":26},"end":{"line":147,"column":45}}],"line":147},"17":{"loc":{"start":{"line":173,"column":4},"end":{"line":181,"column":5}},"type":"if","locations":[{"start":{"line":173,"column":4},"end":{"line":181,"column":5}},{"start":{"line":175,"column":11},"end":{"line":181,"column":5}}],"line":173},"18":{"loc":{"start":{"line":175,"column":11},"end":{"line":181,"column":5}},"type":"if","locations":[{"start":{"line":175,"column":11},"end":{"line":181,"column":5}},{"start":{},"end":{}}],"line":175},"19":{"loc":{"start":{"line":178,"column":8},"end":{"line":179,"column":49}},"type":"binary-expr","locations":[{"start":{"line":178,"column":8},"end":{"line":178,"column":43}},{"start":{"line":179,"column":8},"end":{"line":179,"column":49}}],"line":178},"20":{"loc":{"start":{"line":183,"column":11},"end":{"line":183,"column":52}},"type":"cond-expr","locations":[{"start":{"line":183,"column":35},"end":{"line":183,"column":47}},{"start":{"line":183,"column":50},"end":{"line":183,"column":52}}],"line":183},"21":{"loc":{"start":{"line":183,"column":11},"end":{"line":183,"column":32}},"type":"binary-expr","locations":[{"start":{"line":183,"column":11},"end":{"line":183,"column":16}},{"start":{"line":183,"column":20},"end":{"line":183,"column":32}}],"line":183},"22":{"loc":{"start":{"line":198,"column":11},"end":{"line":200,"column":13}},"type":"binary-expr","locations":[{"start":{"line":198,"column":11},"end":{"line":200,"column":5}},{"start":{"line":200,"column":9},"end":{"line":200,"column":13}}],"line":198},"23":{"loc":{"start":{"line":212,"column":90},"end":{"line":212,"column":129}},"type":"default-arg","locations":[{"start":{"line":212,"column":101},"end":{"line":212,"column":129}}],"line":212},"24":{"loc":{"start":{"line":220,"column":2},"end":{"line":225,"column":3}},"type":"if","locations":[{"start":{"line":220,"column":2},"end":{"line":225,"column":3}},{"start":{"line":222,"column":9},"end":{"line":225,"column":3}}],"line":220},"25":{"loc":{"start":{"line":222,"column":9},"end":{"line":225,"column":3}},"type":"if","locations":[{"start":{"line":222,"column":9},"end":{"line":225,"column":3}},{"start":{},"end":{}}],"line":222},"26":{"loc":{"start":{"line":227,"column":2},"end":{"line":229,"column":3}},"type":"if","locations":[{"start":{"line":227,"column":2},"end":{"line":229,"column":3}},{"start":{},"end":{}}],"line":227},"27":{"loc":{"start":{"line":235,"column":2},"end":{"line":243,"column":3}},"type":"if","locations":[{"start":{"line":235,"column":2},"end":{"line":243,"column":3}},{"start":{"line":237,"column":9},"end":{"line":243,"column":3}}],"line":235},"28":{"loc":{"start":{"line":237,"column":9},"end":{"line":243,"column":3}},"type":"if","locations":[{"start":{"line":237,"column":9},"end":{"line":243,"column":3}},{"start":{},"end":{}}],"line":237},"29":{"loc":{"start":{"line":240,"column":6},"end":{"line":241,"column":47}},"type":"binary-expr","locations":[{"start":{"line":240,"column":6},"end":{"line":240,"column":41}},{"start":{"line":241,"column":6},"end":{"line":241,"column":47}}],"line":240},"30":{"loc":{"start":{"line":245,"column":2},"end":{"line":247,"column":3}},"type":"if","locations":[{"start":{"line":245,"column":2},"end":{"line":247,"column":3}},{"start":{},"end":{}}],"line":245},"31":{"loc":{"start":{"line":253,"column":4},"end":{"line":255,"column":5}},"type":"if","locations":[{"start":{"line":253,"column":4},"end":{"line":255,"column":5}},{"start":{},"end":{}}],"line":253},"32":{"loc":{"start":{"line":279,"column":37},"end":{"line":279,"column":61}},"type":"default-arg","locations":[{"start":{"line":279,"column":57},"end":{"line":279,"column":61}}],"line":279},"33":{"loc":{"start":{"line":281,"column":19},"end":{"line":283,"column":24}},"type":"cond-expr","locations":[{"start":{"line":282,"column":6},"end":{"line":282,"column":49}},{"start":{"line":283,"column":6},"end":{"line":283,"column":24}}],"line":281},"34":{"loc":{"start":{"line":310,"column":6},"end":{"line":315,"column":7}},"type":"if","locations":[{"start":{"line":310,"column":6},"end":{"line":315,"column":7}},{"start":{},"end":{}}],"line":310}},"s":{"0":1,"1":3,"2":3,"3":5,"4":2,"5":2,"6":4,"7":1,"8":1,"9":2,"10":2,"11":3,"12":1,"13":25,"14":1,"15":1,"16":24,"17":24,"18":24,"19":25,"20":25,"21":2,"22":2,"23":2,"24":4,"25":4,"26":4,"27":8,"28":8,"29":12,"30":12,"31":16,"32":4,"33":2,"34":2,"35":2,"36":4,"37":4,"38":6,"39":2,"40":12,"41":12,"42":0,"43":0,"44":12,"45":12,"46":12,"47":14,"48":12,"49":2,"50":2,"51":2,"52":4,"53":8,"54":8,"55":8,"56":8,"57":0,"58":0,"59":8,"60":8,"61":8,"62":9,"63":8,"64":2,"65":6,"66":6,"67":0,"68":0,"69":6,"70":6,"71":6,"72":7,"73":6,"74":0,"75":6,"76":6,"77":6,"78":1,"79":5,"80":5,"81":4,"82":14,"83":8,"84":1,"85":1,"86":2,"87":2,"88":2,"89":7,"90":2,"91":2,"92":2,"93":8,"94":8,"95":3,"96":2,"97":1,"98":8,"99":8,"100":8,"101":8,"102":8,"103":8,"104":32,"105":1},"f":{"0":1,"1":3,"2":5,"3":2,"4":4,"5":1,"6":2,"7":3,"8":25,"9":1,"10":25,"11":2,"12":4,"13":4,"14":8,"15":12,"16":16,"17":2,"18":4,"19":6,"20":12,"21":0,"22":14,"23":2,"24":4,"25":8,"26":0,"27":9,"28":0,"29":7,"30":14,"31":8,"32":2,"33":7,"34":2,"35":8,"36":1,"37":8,"38":32},"b":{"0":[3,1],"1":[5,4],"2":[2,1],"3":[2,0],"4":[2,2],"5":[1,24],"6":[24,0],"7":[25,24,1],"8":[25,0],"9":[25,25],"10":[2,1],"11":[8,0],"12":[8,8],"13":[12,0],"14":[12,12],"15":[4,0],"16":[4,4],"17":[0,12],"18":[12,0],"19":[14,13],"20":[11,1],"21":[12,11],"22":[2,1],"23":[7],"24":[0,8],"25":[8,0],"26":[2,6],"27":[0,6],"28":[6,0],"29":[7,7],"30":[0,6],"31":[1,5],"32":[1],"33":[1,1],"34":[3,5]},"_coverageSchema":"1a1c01bbd47fc00a2c39e90264f33305004495a9","hash":"34dac7fd6cba4f05f6c47f06b40ed0afa1bf4c40"}
}
