TN:
SF:index.js
FN:8,(anonymous_0)
FN:10,(anonymous_1)
FN:11,(anonymous_2)
FN:12,(anonymous_3)
FN:13,(anonymous_4)
FN:14,(anonymous_5)
FN:15,(anonymous_6)
FN:16,(anonymous_7)
FN:17,(anonymous_8)
FN:18,(anonymous_9)
FN:19,(anonymous_10)
FN:20,(anonymous_11)
FN:21,(anonymous_12)
FN:22,(anonymous_13)
FNF:14
FNH:0
FNDA:0,(anonymous_0)
FNDA:0,(anonymous_1)
FNDA:0,(anonymous_2)
FNDA:0,(anonymous_3)
FNDA:0,(anonymous_4)
FNDA:0,(anonymous_5)
FNDA:0,(anonymous_6)
FNDA:0,(anonymous_7)
FNDA:0,(anonymous_8)
FNDA:0,(anonymous_9)
FNDA:0,(anonymous_10)
FNDA:0,(anonymous_11)
FNDA:0,(anonymous_12)
FNDA:0,(anonymous_13)
DA:1,0
DA:2,0
DA:8,0
DA:9,0
DA:10,0
DA:11,0
DA:12,0
DA:13,0
DA:14,0
DA:15,0
DA:16,0
DA:17,0
DA:18,0
DA:19,0
DA:20,0
DA:21,0
DA:22,0
DA:27,0
LF:18
LH:0
BRF:0
BRH:0
end_of_record
TN:
SF:src/functions.js
FN:10,getAllCountries
FN:20,getCountryByCode
FN:22,(anonymous_2)
FN:33,getCountryByName
FN:35,(anonymous_4)
FN:45,getAllStates
FN:48,(anonymous_6)
FN:50,(anonymous_7)
FN:71,getStatesByCountry
FN:75,(anonymous_9)
FN:78,(anonymous_10)
FN:95,getStateByCode
FN:99,(anonymous_12)
FN:109,getAllCities
FN:112,(anonymous_14)
FN:114,(anonymous_15)
FN:116,(anonymous_16)
FN:142,getCitiesByCountry
FN:146,(anonymous_18)
FN:148,(anonymous_19)
FN:169,getCitiesByState
FN:174,(anonymous_21)
FN:177,(anonymous_22)
FN:194,getCityByName
FN:198,(anonymous_24)
FN:212,getNeighborhoodsByCity
FN:221,(anonymous_26)
FN:224,(anonymous_27)
FN:236,(anonymous_28)
FN:239,(anonymous_29)
FN:262,(anonymous_30)
FN:263,(anonymous_31)
FN:279,searchCities
FN:285,(anonymous_33)
FN:298,getCitiesByGeoLocation
FN:302,(anonymous_35)
FN:319,(anonymous_36)
FN:331,calculateDistance
FN:351,toRad
FNF:39
FNH:36
FNDA:1,getAllCountries
FNDA:3,getCountryByCode
FNDA:5,(anonymous_2)
FNDA:2,getCountryByName
FNDA:4,(anonymous_4)
FNDA:1,getAllStates
FNDA:2,(anonymous_6)
FNDA:3,(anonymous_7)
FNDA:25,getStatesByCountry
FNDA:1,(anonymous_9)
FNDA:25,(anonymous_10)
FNDA:2,getStateByCode
FNDA:4,(anonymous_12)
FNDA:4,getAllCities
FNDA:8,(anonymous_14)
FNDA:12,(anonymous_15)
FNDA:16,(anonymous_16)
FNDA:2,getCitiesByCountry
FNDA:4,(anonymous_18)
FNDA:6,(anonymous_19)
FNDA:12,getCitiesByState
FNDA:0,(anonymous_21)
FNDA:14,(anonymous_22)
FNDA:2,getCityByName
FNDA:4,(anonymous_24)
FNDA:8,getNeighborhoodsByCity
FNDA:0,(anonymous_26)
FNDA:9,(anonymous_27)
FNDA:0,(anonymous_28)
FNDA:7,(anonymous_29)
FNDA:14,(anonymous_30)
FNDA:8,(anonymous_31)
FNDA:2,searchCities
FNDA:7,(anonymous_33)
FNDA:2,getCitiesByGeoLocation
FNDA:8,(anonymous_35)
FNDA:1,(anonymous_36)
FNDA:8,calculateDistance
FNDA:32,toRad
DA:11,1
DA:21,3
DA:22,3
DA:23,5
DA:34,2
DA:35,2
DA:36,4
DA:46,1
DA:48,1
DA:49,2
DA:50,2
DA:51,3
DA:62,1
DA:74,25
DA:75,1
DA:76,24
DA:77,24
DA:78,24
DA:79,25
DA:85,25
DA:96,2
DA:97,2
DA:99,2
DA:100,4
DA:110,4
DA:112,4
DA:113,8
DA:114,8
DA:115,12
DA:116,12
DA:117,16
DA:133,4
DA:143,2
DA:144,2
DA:146,2
DA:147,4
DA:148,4
DA:149,6
DA:159,2
DA:170,12
DA:173,12
DA:174,0
DA:175,12
DA:176,12
DA:177,12
DA:178,14
DA:183,12
DA:195,2
DA:196,2
DA:198,2
DA:199,4
DA:213,8
DA:214,8
DA:217,8
DA:220,8
DA:221,0
DA:222,8
DA:223,8
DA:224,9
DA:227,8
DA:228,2
DA:232,6
DA:235,6
DA:236,0
DA:237,6
DA:238,6
DA:239,6
DA:240,7
DA:245,6
DA:246,0
DA:250,6
DA:251,6
DA:253,6
DA:254,1
DA:257,5
DA:258,5
DA:261,4
DA:262,14
DA:263,8
DA:267,1
DA:268,1
DA:280,2
DA:281,2
DA:285,2
DA:286,7
DA:299,2
DA:300,2
DA:302,2
DA:303,8
DA:310,8
DA:311,3
DA:319,2
DA:332,8
DA:333,8
DA:334,8
DA:337,8
DA:341,8
DA:342,8
DA:352,32
DA:355,1
LF:100
LH:96
BRDA:22,0,0,3
BRDA:22,0,1,1
BRDA:23,1,0,5
BRDA:23,1,1,4
BRDA:35,2,0,2
BRDA:35,2,1,1
BRDA:49,3,0,2
BRDA:49,3,1,0
BRDA:49,4,0,2
BRDA:49,4,1,2
BRDA:74,5,0,1
BRDA:74,5,1,24
BRDA:76,6,0,24
BRDA:76,6,1,0
BRDA:79,7,0,25
BRDA:79,7,1,24
BRDA:79,7,2,1
BRDA:85,8,0,25
BRDA:85,8,1,0
BRDA:85,9,0,25
BRDA:85,9,1,25
BRDA:99,10,0,2
BRDA:99,10,1,1
BRDA:113,11,0,8
BRDA:113,11,1,0
BRDA:113,12,0,8
BRDA:113,12,1,8
BRDA:115,13,0,12
BRDA:115,13,1,0
BRDA:115,14,0,12
BRDA:115,14,1,12
BRDA:147,15,0,4
BRDA:147,15,1,0
BRDA:147,16,0,4
BRDA:147,16,1,4
BRDA:173,17,0,0
BRDA:173,17,1,12
BRDA:175,18,0,12
BRDA:175,18,1,0
BRDA:178,19,0,14
BRDA:178,19,1,13
BRDA:183,20,0,11
BRDA:183,20,1,1
BRDA:183,21,0,12
BRDA:183,21,1,11
BRDA:198,22,0,2
BRDA:198,22,1,1
BRDA:212,23,0,7
BRDA:220,24,0,0
BRDA:220,24,1,8
BRDA:222,25,0,8
BRDA:222,25,1,0
BRDA:227,26,0,2
BRDA:227,26,1,6
BRDA:235,27,0,0
BRDA:235,27,1,6
BRDA:237,28,0,6
BRDA:237,28,1,0
BRDA:240,29,0,7
BRDA:240,29,1,7
BRDA:245,30,0,0
BRDA:245,30,1,6
BRDA:253,31,0,1
BRDA:253,31,1,5
BRDA:279,32,0,1
BRDA:281,33,0,1
BRDA:281,33,1,1
BRDA:310,34,0,3
BRDA:310,34,1,5
BRF:69
BRH:56
end_of_record
